<?xml version="1.0" encoding="UTF-8"?>
<testng-results ignored="0" total="1" passed="1" failed="0" skipped="0">
  <reporter-output>
  </reporter-output>
  <suite started-at="2025-09-09T22:48:13 IST" name="Default suite" finished-at="2025-09-09T22:48:25 IST" duration-ms="12581">
    <groups>
    </groups>
    <test started-at="2025-09-09T22:48:13 IST" name="Default test" finished-at="2025-09-09T22:48:25 IST" duration-ms="12581">
      <class name="testscripts.LoginTest">
        <test-method is-config="true" signature="initializeBrowser()[pri:0, instance:testscripts.LoginTest@1aafa419]" started-at="2025-09-09T22:48:13 IST" name="initializeBrowser" finished-at="2025-09-09T22:48:23 IST" duration-ms="9914" status="PASS">
          <reporter-output>
          </reporter-output>
        </test-method> <!-- initializeBrowser -->
        <test-method signature="verifyUserLoginWithValidCredentials()[pri:0, instance:testscripts.LoginTest@1aafa419]" started-at="2025-09-09T22:48:23 IST" name="verifyUserLoginWithValidCredentials" finished-at="2025-09-09T22:48:25 IST" duration-ms="2584" status="PASS">
          <reporter-output>
          </reporter-output>
        </test-method> <!-- verifyUserLoginWithValidCredentials -->
        <test-method is-config="true" signature="browserClose()[pri:0, instance:testscripts.LoginTest@1aafa419]" started-at="2025-09-09T22:48:25 IST" name="browserClose" finished-at="2025-09-09T22:48:25 IST" duration-ms="2" status="PASS">
          <reporter-output>
          </reporter-output>
        </test-method> <!-- browserClose -->
      </class> <!-- testscripts.LoginTest -->
    </test> <!-- Default test -->
  </suite> <!-- Default suite -->
</testng-results>
