<?xml version="1.0" encoding="UTF-8"?>
<!-- Generated by org.testng.reporters.JUnitXMLReporter -->
<testsuite ignored="3" hostname="LAPTOP-CMV49M6P" failures="0" tests="1" name="Default test" time="12.581" errors="0" timestamp="2025-09-09T22:48:25 IST">
  <testcase classname="testscripts.LoginTest" name="verifyUserLoginWithValidCredentials" time="2.584"/>
  <testcase classname="testscripts.LoginTest" name="verifyUserLoginWithValidUsernameandInvalidPassword" time="0.0">
    <ignored/>
  </testcase> <!-- verifyUserLoginWithValidUsernameandInvalidPassword -->
  <testcase classname="testscripts.LoginTest" name="verifyUserLoginWithIvalidUsernameandValidPassword" time="0.0">
    <ignored/>
  </testcase> <!-- verifyUserLoginWithIvalidUsernameandValidPassword -->
  <testcase classname="testscripts.LoginTest" name="verifyUserLoginWithInvalidCredentials" time="0.0">
    <ignored/>
  </testcase> <!-- verifyUserLoginWithInvalidCredentials -->
</testsuite> <!-- Default test -->
